f:\foldery\studia ug - magisterskie\semestr iii\programowanie grafiki 3d w opengl (c++, glsl)\laboratoria\projekt\szablon\project\x64\debug\vc143.pdb
f:\foldery\studia ug - magisterskie\semestr iii\programowanie grafiki 3d w opengl (c++, glsl)\laboratoria\projekt\szablon\project\x64\debug\vc143.idb
f:\foldery\studia ug - magisterskie\semestr iii\programowanie grafiki 3d w opengl (c++, glsl)\laboratoria\projekt\szablon\project\x64\debug\renderdata.obj
f:\foldery\studia ug - magisterskie\semestr iii\programowanie grafiki 3d w opengl (c++, glsl)\laboratoria\projekt\szablon\project\x64\debug\player.obj
f:\foldery\studia ug - magisterskie\semestr iii\programowanie grafiki 3d w opengl (c++, glsl)\laboratoria\projekt\szablon\project\x64\debug\model.obj
f:\foldery\studia ug - magisterskie\semestr iii\programowanie grafiki 3d w opengl (c++, glsl)\laboratoria\projekt\szablon\project\x64\debug\main.obj
f:\foldery\studia ug - magisterskie\semestr iii\programowanie grafiki 3d w opengl (c++, glsl)\laboratoria\projekt\szablon\project\x64\debug\light.obj
f:\foldery\studia ug - magisterskie\semestr iii\programowanie grafiki 3d w opengl (c++, glsl)\laboratoria\projekt\szablon\project\x64\debug\keyboard.obj
f:\foldery\studia ug - magisterskie\semestr iii\programowanie grafiki 3d w opengl (c++, glsl)\laboratoria\projekt\szablon\project\x64\debug\gui.obj
f:\foldery\studia ug - magisterskie\semestr iii\programowanie grafiki 3d w opengl (c++, glsl)\laboratoria\projekt\szablon\project\x64\debug\ground.obj
f:\foldery\studia ug - magisterskie\semestr iii\programowanie grafiki 3d w opengl (c++, glsl)\laboratoria\projekt\szablon\project\x64\debug\camera.obj
f:\foldery\studia ug - magisterskie\semestr iii\programowanie grafiki 3d w opengl (c++, glsl)\laboratoria\projekt\szablon\project\x64\debug\audio.obj
f:\foldery\studia ug - magisterskie\semestr iii\programowanie grafiki 3d w opengl (c++, glsl)\laboratoria\projekt\szablon\project\x64\debug\additionalwindows.obj
f:\foldery\studia ug - magisterskie\semestr iii\programowanie grafiki 3d w opengl (c++, glsl)\laboratoria\projekt\szablon\project\x64\debug\imgui_widgets.obj
f:\foldery\studia ug - magisterskie\semestr iii\programowanie grafiki 3d w opengl (c++, glsl)\laboratoria\projekt\szablon\project\x64\debug\imgui_tables.obj
f:\foldery\studia ug - magisterskie\semestr iii\programowanie grafiki 3d w opengl (c++, glsl)\laboratoria\projekt\szablon\project\x64\debug\imgui_stdlib.obj
f:\foldery\studia ug - magisterskie\semestr iii\programowanie grafiki 3d w opengl (c++, glsl)\laboratoria\projekt\szablon\project\x64\debug\imgui_impl_opengl3.obj
f:\foldery\studia ug - magisterskie\semestr iii\programowanie grafiki 3d w opengl (c++, glsl)\laboratoria\projekt\szablon\project\x64\debug\imgui_impl_opengl2.obj
f:\foldery\studia ug - magisterskie\semestr iii\programowanie grafiki 3d w opengl (c++, glsl)\laboratoria\projekt\szablon\project\x64\debug\imgui_impl_glut.obj
f:\foldery\studia ug - magisterskie\semestr iii\programowanie grafiki 3d w opengl (c++, glsl)\laboratoria\projekt\szablon\project\x64\debug\imgui_draw.obj
f:\foldery\studia ug - magisterskie\semestr iii\programowanie grafiki 3d w opengl (c++, glsl)\laboratoria\projekt\szablon\project\x64\debug\imgui_demo.obj
f:\foldery\studia ug - magisterskie\semestr iii\programowanie grafiki 3d w opengl (c++, glsl)\laboratoria\projekt\szablon\project\x64\debug\imgui.obj
f:\foldery\studia ug - magisterskie\semestr iii\programowanie grafiki 3d w opengl (c++, glsl)\laboratoria\projekt\szablon\project\x64\debug\utilities.obj
f:\foldery\studia ug - magisterskie\semestr iii\programowanie grafiki 3d w opengl (c++, glsl)\laboratoria\projekt\szablon\project\x64\debug\skybox.obj
f:\foldery\studia ug - magisterskie\semestr iii\programowanie grafiki 3d w opengl (c++, glsl)\laboratoria\projekt\szablon\x64\debug\project.exe
f:\foldery\studia ug - magisterskie\semestr iii\programowanie grafiki 3d w opengl (c++, glsl)\laboratoria\projekt\szablon\project\x64\debug\project.ilk
f:\foldery\studia ug - magisterskie\semestr iii\programowanie grafiki 3d w opengl (c++, glsl)\laboratoria\projekt\szablon\x64\debug\project.pdb
f:\foldery\studia ug - magisterskie\semestr iii\programowanie grafiki 3d w opengl (c++, glsl)\laboratoria\projekt\szablon\project\x64\debug\project.res
f:\foldery\studia ug - magisterskie\semestr iii\programowanie grafiki 3d w opengl (c++, glsl)\laboratoria\projekt\szablon\project\x64\debug\project.tlog\cl.command.1.tlog
f:\foldery\studia ug - magisterskie\semestr iii\programowanie grafiki 3d w opengl (c++, glsl)\laboratoria\projekt\szablon\project\x64\debug\project.tlog\cl.items.tlog
f:\foldery\studia ug - magisterskie\semestr iii\programowanie grafiki 3d w opengl (c++, glsl)\laboratoria\projekt\szablon\project\x64\debug\project.tlog\cl.read.1.tlog
f:\foldery\studia ug - magisterskie\semestr iii\programowanie grafiki 3d w opengl (c++, glsl)\laboratoria\projekt\szablon\project\x64\debug\project.tlog\cl.write.1.tlog
f:\foldery\studia ug - magisterskie\semestr iii\programowanie grafiki 3d w opengl (c++, glsl)\laboratoria\projekt\szablon\project\x64\debug\project.tlog\link.command.1.tlog
f:\foldery\studia ug - magisterskie\semestr iii\programowanie grafiki 3d w opengl (c++, glsl)\laboratoria\projekt\szablon\project\x64\debug\project.tlog\link.read.1.tlog
f:\foldery\studia ug - magisterskie\semestr iii\programowanie grafiki 3d w opengl (c++, glsl)\laboratoria\projekt\szablon\project\x64\debug\project.tlog\link.write.1.tlog
f:\foldery\studia ug - magisterskie\semestr iii\programowanie grafiki 3d w opengl (c++, glsl)\laboratoria\projekt\szablon\project\x64\debug\project.tlog\rc.command.1.tlog
f:\foldery\studia ug - magisterskie\semestr iii\programowanie grafiki 3d w opengl (c++, glsl)\laboratoria\projekt\szablon\project\x64\debug\project.tlog\rc.read.1.tlog
f:\foldery\studia ug - magisterskie\semestr iii\programowanie grafiki 3d w opengl (c++, glsl)\laboratoria\projekt\szablon\project\x64\debug\project.tlog\rc.write.1.tlog
